09/12/2022 09:59:47 PM Info: Entrada hola obtenida y agregada al stack

09/12/2022 10:00:22 PM Info: Entrada chamber obtenida y agregada al stack

09/12/2022 10:00:36 PM Info: Se ingreso una entrada invalida
09/12/2022 10:00:36 PM Info: Error en el input, por favor seleccione una posicion valida

09/12/2022 10:00:55 PM Info: Se ingreso una entrada invalida
09/12/2022 10:00:55 PM Info: Error en el input, por favor seleccione una posicion valida

09/12/2022 10:00:59 PM Info: Se ingreso una entrada invalida
09/12/2022 10:00:59 PM Info: Error en el input, por favor seleccione una posicion valida

09/12/2022 10:01:57 PM Info: Se ingreso una entrada invalida
09/12/2022 10:01:57 PM Info: Error en el input, por favor seleccione una posicion valida

09/12/2022 10:01:59 PM Info: Se ingreso una entrada invalida
09/12/2022 10:01:59 PM Info: Error en el input, por favor seleccione una posicion valida

09/12/2022 10:01:59 PM Info: Se ingreso una entrada invalida
09/12/2022 10:01:59 PM Info: Error en el input, por favor seleccione una posicion valida

09/12/2022 10:02:00 PM Info: Se ingreso una entrada invalida
09/12/2022 10:02:00 PM Info: Error en el input, por favor seleccione una posicion valida

09/12/2022 10:02:00 PM Info: Se ingreso una entrada invalida
09/12/2022 10:02:00 PM Info: Error en el input, por favor seleccione una posicion valida

09/12/2022 10:02:23 PM Info: Se ingreso una entrada invalida
09/12/2022 10:02:23 PM Info: Error en el input, por favor seleccione una posicion valida

09/12/2022 10:02:34 PM Info: Entrada hola obtenida y agregada al stack

09/12/2022 10:02:39 PM Info: Entrada chamber obtenida y agregada al stack

09/12/2022 10:02:40 PM Info: Se ingreso la opcion1
09/12/2022 10:03:17 PM Info: Entrada hola obtenida y agregada al stack

09/12/2022 10:03:27 PM Info: Se ingreso la opcion2
09/12/2022 10:06:02 PM Info: Entrada hoa obtenida y agregada al stack

09/12/2022 10:06:04 PM Info: Entrada chamber obtenida y agregada al stack

09/12/2022 10:06:08 PM Info: Se ingreso la opcion2
09/12/2022 10:06:09 PM Info: Opcion 1 seleccionada, resultado obtenido

09/12/2022 10:06:12 PM Info: Se ingreso la opcion2
09/12/2022 10:06:13 PM Info: Opcion 2 seleccionada, resultado obtenido

09/12/2022 10:06:22 PM Info: Se ingreso la opcion4
09/12/2022 10:06:25 PM Info: Entrada: 1

09/12/2022 10:06:27 PM Info: Entrada: 2

09/12/2022 10:06:27 PM Info: Resultado obtenido

09/12/2022 10:07:17 PM Info: Se ingreso la opcion3
09/12/2022 10:07:20 PM Info: Opcion 2 seleccionada, resultado obtenido

09/12/2022 10:07:28 PM Info: Se ingreso la opcion5
09/12/2022 10:07:28 PM Info: Error en el input, por favor seleccione una posicion valida

09/12/2022 10:10:10 PM Info: Se ingreso la opcion0
09/12/2022 10:10:10 PM Info: Se cerro el programa

09/12/2022 10:10:16 PM Info: Entrada hola obtenida y agregada al stack

09/12/2022 10:10:18 PM Info: Entrada hamber obtenida y agregada al stack

09/12/2022 10:10:20 PM Info: Se ingreso la opcion1
09/12/2022 10:11:40 PM Info: Entrada 0 obtenida y agregada al stack

09/12/2022 10:11:40 PM Info: Se ingreso la opcion0
09/12/2022 10:11:40 PM Info: Se cerro el programa

09/12/2022 10:11:44 PM Info: Entrada hola obtenida y agregada al stack

09/12/2022 10:11:45 PM Info: Entrada baksjd obtenida y agregada al stack

09/12/2022 10:11:46 PM Info: Se ingreso la opcion1
09/12/2022 10:11:52 PM Info: Entrada hola obtenida y agregada al stack

09/12/2022 10:13:22 PM Info: Se ingreso la opcion0
09/12/2022 10:13:22 PM Info: Se cerro el programa

09/12/2022 10:13:25 PM Info: Entrada hola obtenida y agregada al stack

09/12/2022 10:13:26 PM Info: Entrada asd obtenida y agregada al stack

09/12/2022 10:13:27 PM Info: Se ingreso la opcion1
09/12/2022 10:13:28 PM Info: Entrada asdads obtenida y agregada al stack

09/12/2022 10:16:12 PM Info: Se ingreso la opcion0
09/12/2022 10:16:12 PM Info: Se cerro el programa

09/12/2022 10:16:15 PM Info: Entrada hola obtenida y agregada al stack

09/12/2022 10:16:15 PM Info: Entrada hola obtenida y agregada al stack

09/12/2022 10:16:33 PM Info: Se ingreso la opcion 1
09/12/2022 10:16:50 PM Info: Entrada hola obtenida y agregada al stack

09/12/2022 10:18:38 PM Info: Se ingreso la opcion 0
09/12/2022 10:18:38 PM Info: Se cerro el programa

09/12/2022 10:18:42 PM Info: Entrada hola obtenida y agregada al stack

09/12/2022 10:18:42 PM Info: Entrada sdasd obtenida y agregada al stack

09/12/2022 10:18:44 PM Info: Se ingreso la opcion 1
09/12/2022 10:18:44 PM Info: Entrada asd obtenida y agregada al stack

09/12/2022 10:18:45 PM Info: Se ingreso la opcion 2
09/12/2022 10:19:19 PM Info: Entrada hola obtenida y agregada al stack

09/12/2022 10:19:20 PM Info: Entrada asd obtenida y agregada al stack

09/12/2022 10:19:23 PM Info: Se ingreso una entrada invalida
09/12/2022 10:19:23 PM Info: Error en el input, por favor seleccione una posicion valida

09/12/2022 10:19:41 PM Info: Se ingreso una entrada invalida
09/12/2022 10:19:41 PM Info: Error en el input, por favor seleccione una posicion valida

09/12/2022 10:19:43 PM Info: Se ingreso la opcion 2
09/12/2022 10:20:12 PM Info: Entrada hoa obtenida y agregada al stack

09/12/2022 10:20:12 PM Info: Entrada asd obtenida y agregada al stack

09/12/2022 10:20:14 PM Info: Se ingreso la opcion 2
09/12/2022 10:20:14 PM Info: Opcion 1 seleccionada, resultado obtenido

09/12/2022 10:20:25 PM Info: Se ingreso la opcion 2
09/12/2022 10:20:25 PM Info: Opcion 2 seleccionada, resultado obtenido

09/12/2022 10:20:27 PM Info: Se ingreso la opcion 3
09/12/2022 10:20:28 PM Info: Opcion 1 seleccionada, resultado obtenido

09/12/2022 10:20:30 PM Info: Se ingreso la opcion 3
09/12/2022 10:20:31 PM Info: Opcion 2 seleccionada, resultado obtenido

09/12/2022 10:20:31 PM Info: Se ingreso la opcion 4
09/12/2022 10:20:32 PM Info: Entrada: 1

09/12/2022 10:20:33 PM Info: Entrada: 2

09/12/2022 10:20:33 PM Info: Resultado obtenido

09/12/2022 11:06:33 PM Info: Entrada hola obtenida y agregada al stack

09/12/2022 11:06:34 PM Info: Entrada chao obtenida y agregada al stack

09/12/2022 11:06:36 PM Info: Se ingreso la opcion 2
09/12/2022 11:06:37 PM Info: Opcion 1 seleccionada, resultado obtenido

09/12/2022 11:06:48 PM Info: Se ingreso la opcion 2
09/12/2022 11:06:48 PM Info: Opcion 2 seleccionada, resultado obtenido

09/12/2022 11:06:54 PM Info: Se ingreso la opcion 3
09/12/2022 11:06:58 PM Info: Opcion -1 seleccionada, resultado obtenido

09/12/2022 11:09:28 PM Info: Se ingreso la opcion 0
09/12/2022 11:09:28 PM Info: Se cerro el programa

09/12/2022 11:09:33 PM Info: Entrada hola obtenida y agregada al stack

09/12/2022 11:09:35 PM Info: Entrada chao obtenida y agregada al stack

09/12/2022 11:09:43 PM Info: Se ingreso la opcion 2
09/12/2022 11:09:43 PM Info: Opcion 1 seleccionada, resultado obtenido

09/12/2022 11:09:47 PM Info: Se ingreso la opcion 2
09/12/2022 11:09:47 PM Info: Opcion 2 seleccionada, resultado obtenido

09/12/2022 11:09:48 PM Info: Se ingreso la opcion 3
09/12/2022 11:09:51 PM Info: Opcion -1 seleccionada, resultado obtenido

09/12/2022 11:10:19 PM Info: Entrada hola obtenida y agregada al stack

09/12/2022 11:10:20 PM Info: Entrada chao obtenida y agregada al stack

09/12/2022 11:10:23 PM Info: Se ingreso la opcion 2
09/12/2022 11:10:23 PM Info: Opcion 1 seleccionada, resultado obtenido

09/12/2022 11:10:24 PM Info: Se ingreso la opcion 2
09/12/2022 11:10:24 PM Info: Opcion 2 seleccionada, resultado obtenido

09/12/2022 11:10:25 PM Info: Se ingreso la opcion 3
09/12/2022 11:10:27 PM Info: Opcion -1 seleccionada, opcion invalida

09/12/2022 11:10:48 PM Info: Se ingreso la opcion 4
09/12/2022 11:14:17 PM Info: Entrada: 0

09/12/2022 11:14:18 PM Info: Entrada: 0

09/12/2022 11:14:18 PM Info: Resultado obtenido

09/12/2022 11:14:19 PM Info: Se ingreso la opcion 0
09/12/2022 11:14:19 PM Info: Se cerro el programa

09/12/2022 11:14:24 PM Info: Entrada hola obtenida y agregada al stack

09/12/2022 11:14:25 PM Info: Entrada chao obtenida y agregada al stack

09/12/2022 11:14:26 PM Info: Se ingreso la opcion 2
09/12/2022 11:14:27 PM Info: Opcion 1 seleccionada, resultado obtenido

09/12/2022 11:14:28 PM Info: Se ingreso la opcion 2
09/12/2022 11:14:28 PM Info: Opcion 2 seleccionada, resultado obtenido

09/12/2022 11:14:30 PM Info: Se ingreso la opcion 3
09/12/2022 11:14:32 PM Info: Opcion -1 seleccionada, opcion invalida

09/12/2022 11:14:36 PM Info: Se ingreso la opcion 4
09/12/2022 11:14:38 PM Info: Opcion 0 seleccionada, opcion invalida

09/12/2022 11:18:16 PM Info: Entrada: 0

09/12/2022 11:18:16 PM Info: Resultado obtenido

09/12/2022 11:18:21 PM Info: Se ingreso la opcion 0
09/12/2022 11:18:21 PM Info: Se cerro el programa

09/12/2022 11:22:25 PM Info: Entrada hola obtenida y agregada al stack

09/12/2022 11:22:26 PM Info: Entrada chao obtenida y agregada al stack

09/12/2022 11:22:27 PM Info: Se ingreso la opcion 2
09/12/2022 11:22:28 PM Info: Opcion 1 seleccionada, resultado obtenido

09/12/2022 11:22:28 PM Info: Se ingreso la opcion 2
09/12/2022 11:22:28 PM Info: Opcion 2 seleccionada, resultado obtenido

09/12/2022 11:22:32 PM Info: Se ingreso la opcion 3
09/12/2022 11:22:35 PM Info: Opcion -1 seleccionada, opcion invalida

09/12/2022 11:22:39 PM Info: Se ingreso una entrada invalida
09/12/2022 11:22:39 PM Info: Error en el input, por favor seleccione una posicion valida

09/12/2022 11:22:50 PM Info: Se ingreso la opcion 4
09/12/2022 11:22:54 PM Info: Opcion -2 seleccionada, opcion invalida

09/12/2022 11:22:58 PM Info: Opcion -2 seleccionada, opcion invalida

09/12/2022 11:23:32 PM Info: Entrada hoal obtenida y agregada al stack

09/12/2022 11:23:33 PM Info: Entrada chao obtenida y agregada al stack

09/12/2022 11:23:35 PM Info: Se ingreso la opcion 4
09/12/2022 11:23:37 PM Info: Opcion -2 seleccionada, opcion invalida

09/12/2022 11:23:39 PM Info: Opcion -2 seleccionada, opcion invalida

09/12/2022 11:23:56 PM Info: Se ingreso la opcion 4
09/12/2022 11:23:56 PM Info: Entrada: 1

09/12/2022 11:23:57 PM Info: Entrada: 2

09/12/2022 11:25:27 PM Info: Se ingreso la opcion 4
09/12/2022 11:25:29 PM Info: Entrada: 1

09/12/2022 11:25:31 PM Info: Error en el input, por favor seleccione una posicion valida

09/12/2022 11:25:40 PM Info: Se ingreso la opcion 4
09/12/2022 11:25:46 PM Info: Entrada: 1

09/12/2022 11:25:46 PM Info: Entrada: 2

09/12/2022 11:27:02 PM Info: Se ingreso la opcion 0
09/12/2022 11:27:02 PM Info: Se cerro el programa

09/12/2022 11:27:04 PM Info: Entrada hoila obtenida y agregada al stack

09/12/2022 11:27:06 PM Info: Entrada chao obtenida y agregada al stack

09/12/2022 11:27:06 PM Info: Se ingreso la opcion 4
09/12/2022 11:27:08 PM Info: Entrada: 1

09/12/2022 11:27:08 PM Info: Entrada: 2

09/12/2022 11:27:47 PM Info: Se ingreso la opcion 0
09/12/2022 11:27:47 PM Info: Se cerro el programa

09/12/2022 11:27:50 PM Info: Entrada hola obtenida y agregada al stack

09/12/2022 11:27:51 PM Info: Entrada chao obtenida y agregada al stack

09/12/2022 11:27:51 PM Info: Se ingreso la opcion 4
09/12/2022 11:27:53 PM Info: Entrada: 1

09/12/2022 11:27:53 PM Info: Entrada: 2

09/12/2022 11:27:53 PM Info: Resultado obtenido

09/12/2022 11:33:16 PM Info: Se ingreso la opcion 0
09/12/2022 11:33:16 PM Info: Se cerro el programa

09/12/2022 11:35:16 PM Info: Entrada hola obtenida y agregada al stack

09/12/2022 11:35:17 PM Info: Entrada hola obtenida y agregada al stack

09/12/2022 11:35:20 PM Info: Se ingreso la opcion 3
09/12/2022 11:35:22 PM Info: Opcion 0 seleccionada, opcion invalida

09/12/2022 11:39:11 PM Info: Se ingreso la opcion 0
09/12/2022 11:39:11 PM Info: Se cerro el programa

09/12/2022 11:41:41 PM Info: Entrada hola obtenida y agregada al stack

09/12/2022 11:41:42 PM Info: Entrada chao obtenida y agregada al stack

09/12/2022 11:41:45 PM Info: Se ingreso la opcion 4
09/12/2022 11:41:46 PM Info: Entrada: 1

09/12/2022 11:41:46 PM Info: Entrada: 2

09/12/2022 11:41:46 PM Info: Resultado obtenido

09/12/2022 11:41:51 PM Info: Se ingreso la opcion 0
09/12/2022 11:41:51 PM Info: Se cerro el programa

09/12/2022 11:45:35 PM Info: Entrada hola obtenida y agregada al stack

09/12/2022 11:45:36 PM Info: Entrada cubo obtenida y agregada al stack

09/12/2022 11:45:39 PM Info: Se ingreso la opcion 1
09/12/2022 11:45:42 PM Info: Entrada asdasd obtenida y agregada al stack

09/12/2022 11:45:43 PM Info: Se ingreso la opcion 2
09/12/2022 11:45:43 PM Info: Opcion 1 seleccionada, resultado obtenido

09/12/2022 11:46:38 PM Info: Se ingreso la opcion 0
09/12/2022 11:46:38 PM Info: Se cerro el programa

09/12/2022 11:46:52 PM Info: Entrada razonable obtenida y agregada al stack

09/12/2022 11:46:54 PM Info: Entrada cubo obtenida y agregada al stack

09/12/2022 11:46:56 PM Info: Se ingreso la opcion 0
09/12/2022 11:46:56 PM Info: Se cerro el programa

09/12/2022 11:47:30 PM Info: Entrada entrada obtenida y agregada al stack

09/12/2022 11:47:31 PM Info: Entrada entrada obtenida y agregada al stack

09/12/2022 11:47:32 PM Info: Se ingreso una entrada invalida
09/12/2022 11:47:32 PM Info: Error en el input, por favor seleccione una posicion valida

09/12/2022 11:48:42 PM Info: Se ingreso la opcion 0
09/12/2022 11:48:42 PM Info: Se cerro el programa

09/12/2022 11:48:50 PM Info: Entrada input obtenida y agregada al stack

09/12/2022 11:48:52 PM Info: Entrada entrada obtenida y agregada al stack

09/12/2022 11:48:54 PM Info: Se ingreso la opcion 1
09/12/2022 11:48:55 PM Info: Entrada entrada obtenida y agregada al stack

09/12/2022 11:49:53 PM Info: Se ingreso la opcion 0
09/12/2022 11:49:53 PM Info: Se cerro el programa

09/12/2022 11:49:59 PM Info: Entrada entrada obtenida y agregada al stack

09/12/2022 11:50:00 PM Info: Entrada entrada obtenida y agregada al stack

09/12/2022 11:50:01 PM Info: Se ingreso la opcion 3
09/12/2022 11:50:01 PM Info: Opcion 2 seleccionada, resultado obtenido

09/12/2022 11:50:52 PM Info: Se ingreso la opcion 0
09/12/2022 11:50:52 PM Info: Se cerro el programa

09/12/2022 11:51:03 PM Info: Entrada input obtenida y agregada al stack

09/12/2022 11:51:04 PM Info: Entrada entrada obtenida y agregada al stack

09/12/2022 11:51:06 PM Info: Se ingreso la opcion 4
09/12/2022 11:51:06 PM Info: Entrada: 1

09/12/2022 11:51:07 PM Info: Entrada: 2

09/12/2022 11:51:07 PM Info: Resultado obtenido

09/12/2022 11:51:57 PM Info: Se ingreso la opcion 0
09/12/2022 11:51:57 PM Info: Se cerro el programa

09/12/2022 11:52:04 PM Info: Entrada input obtenida y agregada al stack

09/12/2022 11:52:05 PM Info: Entrada entrada obtenida y agregada al stack

09/12/2022 11:52:06 PM Info: Se ingreso la opcion 3
09/12/2022 11:52:06 PM Info: Error en el input, por favor seleccione una posicion valida
09/12/2022 11:52:41 PM Info: Se ingreso la opcion 0
09/12/2022 11:52:41 PM Info: Se cerro el programa

09/12/2022 11:52:46 PM Info: Entrada textolargo obtenida y agregada al stack

09/12/2022 11:52:48 PM Info: Entrada corto obtenida y agregada al stack

09/12/2022 11:52:50 PM Info: Se ingreso la opcion 4
09/12/2022 11:52:52 PM Info: Entrada: 1

09/12/2022 11:52:52 PM Info: Entrada: 2

09/12/2022 11:52:52 PM Info: Resultado obtenido

